<?xml version="1.0" encoding="UTF-8"?>
<testng-results skipped="0" failed="0" total="5" passed="5">
  <reporter-output>
  </reporter-output>
  <suite name="Unit test suite" duration-ms="12679" started-at="2017-02-25T04:10:20Z" finished-at="2017-02-25T04:10:32Z">
    <groups>
    </groups>
    <test name="Unit test" duration-ms="12679" started-at="2017-02-25T04:10:20Z" finished-at="2017-02-25T04:10:32Z">
      <class name="org.automationtest.slumber.test.UnitTest">
        <test-method status="PASS" signature="testInitDriver()[pri:0, instance:org.automationtest.slumber.test.UnitTest@31834a2b]" name="testInitDriver" duration-ms="8076" started-at="2017-02-25T12:10:20Z" finished-at="2017-02-25T12:10:28Z">
          <reporter-output>
          </reporter-output>
        </test-method> <!-- testInitDriver -->
        <test-method status="PASS" signature="testPropertyFactory()[pri:0, instance:org.automationtest.slumber.test.UnitTest@31834a2b]" name="testPropertyFactory" duration-ms="2" started-at="2017-02-25T12:10:28Z" finished-at="2017-02-25T12:10:28Z">
          <reporter-output>
          </reporter-output>
        </test-method> <!-- testPropertyFactory -->
        <test-method status="PASS" signature="testLogs()[pri:0, instance:org.automationtest.slumber.test.UnitTest@31834a2b]" name="testLogs" duration-ms="1400" started-at="2017-02-25T12:10:28Z" finished-at="2017-02-25T12:10:29Z">
          <reporter-output>
          </reporter-output>
        </test-method> <!-- testLogs -->
        <test-method status="PASS" signature="testBrowser()[pri:0, instance:org.automationtest.slumber.test.UnitTest@31834a2b]" name="testBrowser" duration-ms="2903" started-at="2017-02-25T12:10:29Z" depends-on-methods="org.automationtest.slumber.test.UnitTest.testInitDriver" finished-at="2017-02-25T12:10:32Z">
          <reporter-output>
          </reporter-output>
        </test-method> <!-- testBrowser -->
        <test-method status="PASS" signature="testWebObjects()[pri:0, instance:org.automationtest.slumber.test.UnitTest@31834a2b]" name="testWebObjects" duration-ms="285" started-at="2017-02-25T12:10:32Z" depends-on-methods="org.automationtest.slumber.test.UnitTest.testInitDriver, org.automationtest.slumber.test.UnitTest.testBrowser" finished-at="2017-02-25T12:10:32Z">
          <reporter-output>
          </reporter-output>
        </test-method> <!-- testWebObjects -->
      </class> <!-- org.automationtest.slumber.test.UnitTest -->
    </test> <!-- Unit test -->
  </suite> <!-- Unit test suite -->
</testng-results>
