<?xml version="1.0" encoding="UTF-8"?>
<testsuite xmlns:xsi="http://www.w3.org/2001/XMLSchema-instance" xsi:schemaLocation="https://maven.apache.org/surefire/maven-surefire-plugin/xsd/surefire-test-report.xsd" name="TestSuite" time="12.997" tests="5" errors="0" skipped="0" failures="0">
  <properties>
[...]
</properties>
  <testcase name="testInitDriver" classname="org.automationtest.slumber.test.UnitTest" time="8.076"/>
  <testcase name="testPropertyFactory" classname="org.automationtest.slumber.test.UnitTest" time="0.002"/>
  <testcase name="testLogs" classname="org.automationtest.slumber.test.UnitTest" time="1.4"/>
  <testcase name="testBrowser" classname="org.automationtest.slumber.test.UnitTest" time="2.903"/>
  <testcase name="testWebObjects" classname="org.automationtest.slumber.test.UnitTest" time="0.285"/>
</testsuite>