<?xml version="1.0" encoding="UTF-8"?>
<!-- Generated by org.testng.reporters.JUnitXMLReporter -->
<testsuite hostname="andisan-Inspiron-3537" name="Unit test" tests="5" failures="0" timestamp="25 Feb 2017 04:10:33 GMT" time="12.679" errors="0">
  <testcase name="testInitDriver" time="8.076" classname="org.automationtest.slumber.test.UnitTest"/>
  <testcase name="testPropertyFactory" time="0.002" classname="org.automationtest.slumber.test.UnitTest"/>
  <testcase name="testLogs" time="1.4" classname="org.automationtest.slumber.test.UnitTest"/>
  <testcase name="testBrowser" time="2.903" classname="org.automationtest.slumber.test.UnitTest"/>
  <testcase name="testWebObjects" time="0.285" classname="org.automationtest.slumber.test.UnitTest"/>
</testsuite> <!-- Unit test -->
